#
# There is insufficient memory for the Java Runtime Environment to continue.
# Native memory allocation (mmap) failed to map 268435456 bytes for G1 virtual space
# Possible reasons:
#   The system is out of physical RAM or swap space
#   The process is running with CompressedOops enabled, and the Java Heap may be blocking the growth of the native heap
# Possible solutions:
#   Reduce memory load on the system
#   Increase physical memory or swap space
#   Check if swap backing store is full
#   Decrease Java heap size (-Xmx/-Xms)
#   Decrease number of Java threads
#   Decrease Java thread stack sizes (-Xss)
#   Set larger code cache with -XX:ReservedCodeCacheSize=
#   JVM is running with Zero Based Compressed Oops mode in which the Java heap is
#     placed in the first 32GB address space. The Java Heap base address is the
#     maximum limit for the native heap growth. Please use -XX:HeapBaseMinAddress
#     to set the Java Heap base and to place the Java Heap above 32GB virtual address.
# This output file may be truncated or incomplete.
#
#  Out of Memory Error (os_windows.cpp:3600), pid=11392, tid=26708
#
# JRE version:  (21.0.1+12) (build )
# Java VM: Java HotSpot(TM) 64-Bit Server VM (21.0.1+12-LTS-29, mixed mode, sharing, tiered, compressed oops, compressed class ptrs, g1 gc, windows-amd64)
# No core dump will be written. Minidumps are not enabled by default on client versions of Windows
#

---------------  S U M M A R Y ------------

Command Line: -Dnet.bytebuddy.agent.attacher.dump= net.bytebuddy.agent.Attacher com.sun.tools.attach.VirtualMachine 14744 C:\Users\alifa\.m2\repository\net\bytebuddy\byte-buddy-agent\1.14.13\byte-buddy-agent-1.14.13.jar false 

Host: Intel(R) Core(TM) i5-8250U CPU @ 1.60GHz, 8 cores, 15G,  Windows 11 , 64 bit Build 22621 (10.0.22621.3527)
Time: Wed Jun 19 18:45:47 2024 Egypt Daylight Time elapsed time: 0.016308 seconds (0d 0h 0m 0s)

---------------  T H R E A D  ---------------

Current thread (0x00000240e22267c0):  JavaThread "Unknown thread" [_thread_in_vm, id=26708, stack(0x000000d8cd900000,0x000000d8cda00000) (1024K)]

Stack: [0x000000d8cd900000,0x000000d8cda00000]
Native frames: (J=compiled Java code, j=interpreted, Vv=VM code, C=native code)
V  [jvm.dll+0x6c9029]
V  [jvm.dll+0x854b81]
V  [jvm.dll+0x856e5e]
V  [jvm.dll+0x857543]
V  [jvm.dll+0x280c06]
V  [jvm.dll+0x6c5715]
V  [jvm.dll+0x6ba10a]
V  [jvm.dll+0x3557ea]
V  [jvm.dll+0x35d436]
V  [jvm.dll+0x3ae1be]
V  [jvm.dll+0x3ae468]
V  [jvm.dll+0x3291fc]
V  [jvm.dll+0x329d8b]
V  [jvm.dll+0x81d179]
V  [jvm.dll+0x3bb4f1]
V  [jvm.dll+0x805ae8]
V  [jvm.dll+0x44effe]
V  [jvm.dll+0x450901]
C  [jli.dll+0x52a3]
C  [ucrtbase.dll+0x29333]
C  [KERNEL32.DLL+0x1257d]
C  [ntdll.dll+0x5aa48]


---------------  P R O C E S S  ---------------

Threads class SMR info:
_java_thread_list=0x00007ff9d3a09b88, length=0, elements={
}

Java Threads: ( => current thread )
Total: 0

Other Threads:
  0x00000240e443d1a0 WorkerThread "GC Thread#0"                     [id=19172, stack(0x000000d8cda00000,0x000000d8cdb00000) (1024K)]
  0x00000240e444e130 ConcurrentGCThread "G1 Main Marker"            [id=21648, stack(0x000000d8cdb00000,0x000000d8cdc00000) (1024K)]
  0x00000240e444f2d0 WorkerThread "G1 Conc#0"                       [id=29904, stack(0x000000d8cdc00000,0x000000d8cdd00000) (1024K)]

[error occurred during error reporting (printing all threads), id 0xc0000005, EXCEPTION_ACCESS_VIOLATION (0xc0000005) at pc=0x00007ff9d317c2c7]
VM state: not at safepoint (not fully initialized)

VM Mutex/Monitor currently owned by a thread:  ([mutex/lock_event])
[0x00007ff9d3a7a6f8] Heap_lock - owner thread: 0x00000240e22267c0

Heap address: 0x0000000701800000, size: 4072 MB, Compressed Oops mode: Zero based, Oop shift amount: 3

CDS archive(s) mapped at: [0x0000000000000000-0x0000000000000000-0x0000000000000000), size 0, SharedBaseAddress: 0x0000000800000000, ArchiveRelocationMode: 1.
Narrow klass base: 0x0000000000000000, Narrow klass shift: 0, Narrow klass range: 0x0

GC Precious Log:
 CardTable entry size: 512
 Card Set container configuration: InlinePtr #cards 4 size 8 Array Of Cards #cards 16 size 48 Howl #buckets 8 coarsen threshold 3686 Howl Bitmap #cards 512 size 80 coarsen threshold 460 Card regions per heap region 1 cards per card region 4096

Heap:
 garbage-first heap   total 0K, used 0K [0x0000000701800000, 0x0000000800000000)
  region size 2048K, 0 young (0K), 0 survivors (0K)

[error occurred during error reporting (printing heap information), id 0xc0000005, EXCEPTION_ACCESS_VIOLATION (0xc0000005) at pc=0x00007ff9d3561be9]
GC Heap History (0 events):
No events

Dll operation events (1 events):
Event: 0.011 Loaded shared library C:\Program Files\Java\jdk-21\bin\java.dll

Deoptimization events (0 events):
No events

Classes loaded (0 events):
No events

Classes unloaded (0 events):
No events

Classes redefined (0 events):
No events

Internal exceptions (0 events):
No events

ZGC Phase Switch (0 events):
No events

VM Operations (0 events):
No events

Events (0 events):
No events


Dynamic libraries:
0x00007ff79c5a0000 - 0x00007ff79c5b0000 	C:\Program Files\Java\jdk-21\bin\java.exe
0x00007ffa0ee50000 - 0x00007ffa0f067000 	C:\WINDOWS\SYSTEM32\ntdll.dll
0x00007ffa0db70000 - 0x00007ffa0dc34000 	C:\WINDOWS\System32\KERNEL32.DLL
0x00007ffa0c6a0000 - 0x00007ffa0ca47000 	C:\WINDOWS\System32\KERNELBASE.dll
0x00007ffa0c580000 - 0x00007ffa0c691000 	C:\WINDOWS\System32\ucrtbase.dll
0x00007ff9fdc00000 - 0x00007ff9fdc1b000 	C:\Program Files\Java\jdk-21\bin\VCRUNTIME140.dll
0x00007ffa049f0000 - 0x00007ffa04a09000 	C:\Program Files\Java\jdk-21\bin\jli.dll
0x00007ffa0cc30000 - 0x00007ffa0cce2000 	C:\WINDOWS\System32\ADVAPI32.dll
0x00007ffa0cb80000 - 0x00007ffa0cc27000 	C:\WINDOWS\System32\msvcrt.dll
0x00007ffa0ddf0000 - 0x00007ffa0de98000 	C:\WINDOWS\System32\sechost.dll
0x00007ffa0c290000 - 0x00007ffa0c2b8000 	C:\WINDOWS\System32\bcrypt.dll
0x00007ffa0d2a0000 - 0x00007ffa0d3b5000 	C:\WINDOWS\System32\RPCRT4.dll
0x00007ffa0e700000 - 0x00007ffa0e8ae000 	C:\WINDOWS\System32\USER32.dll
0x00007ffa0c2c0000 - 0x00007ffa0c2e6000 	C:\WINDOWS\System32\win32u.dll
0x00007ff9ff6e0000 - 0x00007ff9ff973000 	C:\WINDOWS\WinSxS\amd64_microsoft.windows.common-controls_6595b64144ccf1df_6.0.22621.3527_none_270e469b73872a76\COMCTL32.dll
0x00007ffa0ed60000 - 0x00007ffa0ed89000 	C:\WINDOWS\System32\GDI32.dll
0x00007ffa0c2f0000 - 0x00007ffa0c409000 	C:\WINDOWS\System32\gdi32full.dll
0x00007ffa0c170000 - 0x00007ffa0c20a000 	C:\WINDOWS\System32\msvcp_win.dll
0x00007ffa06ef0000 - 0x00007ffa06efa000 	C:\WINDOWS\SYSTEM32\VERSION.dll
0x00007ffa0dda0000 - 0x00007ffa0ddd1000 	C:\WINDOWS\System32\IMM32.DLL
0x00007ffa067b0000 - 0x00007ffa067bc000 	C:\Program Files\Java\jdk-21\bin\vcruntime140_1.dll
0x00007ff9fce10000 - 0x00007ff9fce9e000 	C:\Program Files\Java\jdk-21\bin\msvcp140.dll
0x00007ff9d2e40000 - 0x00007ff9d3b55000 	C:\Program Files\Java\jdk-21\bin\server\jvm.dll
0x00007ffa0ce60000 - 0x00007ffa0ced1000 	C:\WINDOWS\System32\WS2_32.dll
0x00007ffa0b6f0000 - 0x00007ffa0b73d000 	C:\WINDOWS\SYSTEM32\POWRPROF.dll
0x00007ffa04ca0000 - 0x00007ffa04cd4000 	C:\WINDOWS\SYSTEM32\WINMM.dll
0x00007ffa0b6d0000 - 0x00007ffa0b6e3000 	C:\WINDOWS\SYSTEM32\UMPDC.dll
0x00007ffa0b0f0000 - 0x00007ffa0b108000 	C:\WINDOWS\SYSTEM32\kernel.appcore.dll
0x00007ff9fdb00000 - 0x00007ff9fdb0a000 	C:\Program Files\Java\jdk-21\bin\jimage.dll
0x00007ffa09c00000 - 0x00007ffa09e32000 	C:\WINDOWS\SYSTEM32\DBGHELP.DLL
0x00007ffa0e8d0000 - 0x00007ffa0ec58000 	C:\WINDOWS\System32\combase.dll
0x00007ffa0cf90000 - 0x00007ffa0d067000 	C:\WINDOWS\System32\OLEAUT32.dll
0x00007ff9f2eb0000 - 0x00007ff9f2ee2000 	C:\WINDOWS\SYSTEM32\dbgcore.DLL
0x00007ffa0c210000 - 0x00007ffa0c289000 	C:\WINDOWS\System32\bcryptPrimitives.dll
0x00007ff9fdae0000 - 0x00007ff9fdaff000 	C:\Program Files\Java\jdk-21\bin\java.dll

dbghelp: loaded successfully - version: 4.0.5 - missing functions: none
symbol engine: initialized successfully - sym options: 0x614 - pdb path: .;C:\Program Files\Java\jdk-21\bin;C:\WINDOWS\SYSTEM32;C:\WINDOWS\WinSxS\amd64_microsoft.windows.common-controls_6595b64144ccf1df_6.0.22621.3527_none_270e469b73872a76;C:\Program Files\Java\jdk-21\bin\server

VM Arguments:
jvm_args: -Dnet.bytebuddy.agent.attacher.dump= 
java_command: net.bytebuddy.agent.Attacher com.sun.tools.attach.VirtualMachine 14744 C:\Users\alifa\.m2\repository\net\bytebuddy\byte-buddy-agent\1.14.13\byte-buddy-agent-1.14.13.jar false 
java_class_path (initial): C:\Users\alifa\.m2\repository\net\bytebuddy\byte-buddy-agent\1.14.13\byte-buddy-agent-1.14.13.jar
Launcher Type: SUN_STANDARD

[Global flags]
     intx CICompilerCount                          = 4                                         {product} {ergonomic}
     uint ConcGCThreads                            = 2                                         {product} {ergonomic}
     uint G1ConcRefinementThreads                  = 8                                         {product} {ergonomic}
   size_t G1HeapRegionSize                         = 2097152                                   {product} {ergonomic}
    uintx GCDrainStackTargetSize                   = 64                                        {product} {ergonomic}
   size_t InitialHeapSize                          = 268435456                                 {product} {ergonomic}
   size_t MarkStackSize                            = 4194304                                   {product} {ergonomic}
   size_t MaxHeapSize                              = 4269801472                                {product} {ergonomic}
   size_t MinHeapDeltaBytes                        = 2097152                                   {product} {ergonomic}
   size_t MinHeapSize                              = 8388608                                   {product} {ergonomic}
    uintx NonNMethodCodeHeapSize                   = 5839372                                {pd product} {ergonomic}
    uintx NonProfiledCodeHeapSize                  = 122909434                              {pd product} {ergonomic}
    uintx ProfiledCodeHeapSize                     = 122909434                              {pd product} {ergonomic}
    uintx ReservedCodeCacheSize                    = 251658240                              {pd product} {ergonomic}
     bool SegmentedCodeCache                       = true                                      {product} {ergonomic}
   size_t SoftMaxHeapSize                          = 4269801472                             {manageable} {ergonomic}
     bool UseCompressedOops                        = true                           {product lp64_product} {ergonomic}
     bool UseG1GC                                  = true                                      {product} {ergonomic}
     bool UseLargePagesIndividualAllocation        = false                                  {pd product} {ergonomic}

Logging:
Log output configuration:
 #0: stdout all=warning uptime,level,tags foldmultilines=false
 #1: stderr all=off uptime,level,tags foldmultilines=false

Environment Variables:
PATH=C:\Program Files\Common Files\Oracle\Java\javapath;C:\WINDOWS\system32;C:\WINDOWS;C:\WINDOWS\System32\Wbem;C:\WINDOWS\System32\WindowsPowerShell\v1.0\;C:\WINDOWS\System32\OpenSSH\;C:\Program Files (x86)\Windows Kits\10\Windows Performance Toolkit\;C:\Program Files\nodejs\;C:\Program Files\Docker\Docker\resources\bin;C:\Program Files\Git\cmd;C:\Program Files\Apache\Maven\apache-maven-3.9.7\bin;C:\Users\alifa\AppData\Local\Microsoft\WindowsApps;C:\Users\alifa\AppData\Local\Programs\Microsoft VS Code\bin;C:\Users\alifa\AppData\Roaming\npm;C:\Users\alifa\AppData\Local\GitHubDesktop\bin
USERNAME=alifa
OS=Windows_NT
PROCESSOR_IDENTIFIER=Intel64 Family 6 Model 142 Stepping 10, GenuineIntel
TMP=C:\Users\alifa\AppData\Local\Temp
TEMP=C:\Users\alifa\AppData\Local\Temp




Periodic native trim disabled

---------------  S Y S T E M  ---------------

OS:
 Windows 11 , 64 bit Build 22621 (10.0.22621.3527)
OS uptime: 10 days 17:59 hours
Hyper-V role detected

CPU: total 8 (initial active 8) (4 cores per cpu, 2 threads per core) family 6 model 142 stepping 10 microcode 0xf0, cx8, cmov, fxsr, ht, mmx, 3dnowpref, sse, sse2, sse3, ssse3, sse4.1, sse4.2, popcnt, lzcnt, tsc, tscinvbit, avx, avx2, aes, erms, clmul, bmi1, bmi2, adx, fma, vzeroupper, clflush, clflushopt, hv, rdtscp, f16c
Processor Information for all 8 processors :
  Max Mhz: 1800, Current Mhz: 1600, Mhz Limit: 1584

Memory: 4k page, system-wide physical 16281M (1202M free)
TotalPageFile size 33839M (AvailPageFile size 253M)
current process WorkingSet (physical memory assigned to process): 11M, peak: 11M
current process commit charge ("private bytes"): 60M, peak: 316M

vm_info: Java HotSpot(TM) 64-Bit Server VM (21.0.1+12-LTS-29) for windows-amd64 JRE (21.0.1+12-LTS-29), built on 2023-10-05T13:27:09Z by "mach5one" with MS VC++ 17.1 (VS2022)

END.
